<?xml version="1.0" encoding="UTF-8"?>
<testsuite xmlns:xsi="http://www.w3.org/2001/XMLSchema-instance" xsi:noNamespaceSchemaLocation="https://maven.apache.org/surefire/maven-surefire-plugin/xsd/surefire-test-report.xsd" version="3.0.2" name="com.example.chatproject.ChatProjectApplicationTests" time="2.189" tests="1" errors="0" skipped="0" failures="0">
  <properties>
[...]
</properties>
  <testcase name="contextLoads" classname="com.example.chatproject.ChatProjectApplicationTests" time="0.677">
    <system-out><![CDATA[15:45:26.879 [main] INFO org.springframework.test.context.support.AnnotationConfigContextLoaderUtils -- Could not detect default configuration classes for test class [com.example.chatproject.ChatProjectApplicationTests]: ChatProjectApplicationTests does not declare any static, non-private, non-final, nested classes annotated with @Configuration.
15:45:26.942 [main] INFO org.springframework.boot.test.context.SpringBootTestContextBootstrapper -- Found @SpringBootConfiguration com.example.chatproject.ChatProjectApplication for test class com.example.chatproject.ChatProjectApplicationTests

  .   ____          _            __ _ _
 /\\ / ___'_ __ _ _(_)_ __  __ _ \ \ \ \
( ( )\___ | '_ | '_| | '_ \/ _` | \ \ \ \
 \\/  ___)| |_)| | | | | || (_| |  ) ) ) )
  '  |____| .__|_| |_|_| |_\__, | / / / /
 =========|_|==============|___/=/_/_/_/

 :: Spring Boot ::                (v3.4.1)

2024-12-25T15:45:27.211+08:00  INFO 65640 --- [chatProject] [           main] c.e.c.ChatProjectApplicationTests        : Starting ChatProjectApplicationTests using Java 17.0.13 with PID 65640 (started by ASUS in C:\Users\ASUS\IdeaProjects\chatProject)
2024-12-25T15:45:27.212+08:00  INFO 65640 --- [chatProject] [           main] c.e.c.ChatProjectApplicationTests        : No active profile set, falling back to 1 default profile: "default"
2024-12-25T15:45:28.284+08:00  INFO 65640 --- [chatProject] [           main] c.e.c.ChatProjectApplicationTests        : Started ChatProjectApplicationTests in 1.243 seconds (process running for 1.794)
]]></system-out>
  </testcase>
</testsuite>